2025-11-02 21:51:38,946 INFO: Logging to checkpoints/train.log
2025-11-02 21:51:38,946 INFO: Epoch 1/50
2025-11-02 21:59:02,217 INFO: Logging to checkpoints/train.log
2025-11-02 21:59:02,218 INFO: Epoch 1/50
2025-11-02 22:00:52,248 INFO: Saved loss plot to checkpoints/loss.png
2025-11-02 22:00:52,248 INFO: Epoch 1 Train Loss: 1.6892 Val Loss: 1.2139
2025-11-02 22:00:54,640 INFO: Saved best model to checkpoints/best_clipp_apple.pth
2025-11-02 22:00:54,640 INFO: Epoch 2/50
2025-11-02 22:02:44,233 INFO: Saved loss plot to checkpoints/loss.png
2025-11-02 22:02:44,233 INFO: Epoch 2 Train Loss: 0.9094 Val Loss: 0.7753
2025-11-02 22:02:46,786 INFO: Saved best model to checkpoints/best_clipp_apple.pth
2025-11-02 22:02:46,787 INFO: Epoch 3/50
2025-11-02 22:04:36,195 INFO: Saved loss plot to checkpoints/loss.png
2025-11-02 22:04:36,196 INFO: Epoch 3 Train Loss: 0.6263 Val Loss: 0.7063
2025-11-02 22:04:38,557 INFO: Saved best model to checkpoints/best_clipp_apple.pth
2025-11-02 22:04:38,558 INFO: Epoch 4/50
2025-11-02 22:06:28,257 INFO: Saved loss plot to checkpoints/loss.png
2025-11-02 22:06:28,257 INFO: Epoch 4 Train Loss: 0.4562 Val Loss: 0.6053
2025-11-02 22:06:30,488 INFO: Saved best model to checkpoints/best_clipp_apple.pth
2025-11-02 22:06:30,489 INFO: Epoch 5/50
2025-11-02 22:08:20,150 INFO: Saved loss plot to checkpoints/loss.png
2025-11-02 22:08:20,151 INFO: Epoch 5 Train Loss: 0.3432 Val Loss: 0.6146
2025-11-02 22:08:20,151 INFO: Epoch 6/50
2025-11-02 22:10:09,055 INFO: Saved loss plot to checkpoints/loss.png
2025-11-02 22:10:09,056 INFO: Epoch 6 Train Loss: 0.2915 Val Loss: 0.5342
2025-11-02 22:10:11,063 INFO: Saved best model to checkpoints/best_clipp_apple.pth
2025-11-02 22:10:11,064 INFO: Epoch 7/50
2025-11-02 22:12:01,037 INFO: Saved loss plot to checkpoints/loss.png
2025-11-02 22:12:01,037 INFO: Epoch 7 Train Loss: 0.2565 Val Loss: 0.5265
2025-11-02 22:12:03,848 INFO: Saved best model to checkpoints/best_clipp_apple.pth
2025-11-02 22:12:03,848 INFO: Epoch 8/50
2025-11-02 22:13:53,150 INFO: Saved loss plot to checkpoints/loss.png
2025-11-02 22:13:53,150 INFO: Epoch 8 Train Loss: 0.2174 Val Loss: 0.4756
2025-11-02 22:13:55,456 INFO: Saved best model to checkpoints/best_clipp_apple.pth
2025-11-02 22:13:55,457 INFO: Epoch 9/50
2025-11-02 22:15:44,809 INFO: Saved loss plot to checkpoints/loss.png
2025-11-02 22:15:44,810 INFO: Epoch 9 Train Loss: 0.1839 Val Loss: 0.4693
2025-11-02 22:15:46,801 INFO: Saved best model to checkpoints/best_clipp_apple.pth
2025-11-02 22:15:46,802 INFO: Epoch 10/50
2025-11-02 22:17:35,838 INFO: Saved loss plot to checkpoints/loss.png
2025-11-02 22:17:35,838 INFO: Epoch 10 Train Loss: 0.1551 Val Loss: 0.4987
2025-11-02 22:17:35,838 INFO: Epoch 11/50
2025-11-02 22:19:25,132 INFO: Saved loss plot to checkpoints/loss.png
2025-11-02 22:19:25,132 INFO: Epoch 11 Train Loss: 0.1377 Val Loss: 0.4871
2025-11-02 22:19:25,132 INFO: Epoch 12/50
2025-11-02 22:21:14,393 INFO: Saved loss plot to checkpoints/loss.png
2025-11-02 22:21:14,394 INFO: Epoch 12 Train Loss: 0.1213 Val Loss: 0.4796
2025-11-02 22:21:14,394 INFO: Epoch 13/50
2025-11-02 22:23:04,350 INFO: Saved loss plot to checkpoints/loss.png
2025-11-02 22:23:04,350 INFO: Epoch 13 Train Loss: 0.1127 Val Loss: 0.4595
2025-11-02 22:23:06,756 INFO: Saved best model to checkpoints/best_clipp_apple.pth
2025-11-02 22:23:06,756 INFO: Epoch 14/50
2025-11-02 22:24:55,825 INFO: Saved loss plot to checkpoints/loss.png
2025-11-02 22:24:55,825 INFO: Epoch 14 Train Loss: 0.1136 Val Loss: 0.4562
2025-11-02 22:24:57,812 INFO: Saved best model to checkpoints/best_clipp_apple.pth
2025-11-02 22:24:57,812 INFO: Epoch 15/50
2025-11-02 22:26:47,103 INFO: Saved loss plot to checkpoints/loss.png
2025-11-02 22:26:47,103 INFO: Epoch 15 Train Loss: 0.0981 Val Loss: 0.4403
2025-11-02 22:26:49,511 INFO: Saved best model to checkpoints/best_clipp_apple.pth
2025-11-02 22:26:49,512 INFO: Epoch 16/50
2025-11-02 22:28:38,366 INFO: Saved loss plot to checkpoints/loss.png
2025-11-02 22:28:38,366 INFO: Epoch 16 Train Loss: 0.0826 Val Loss: 0.4582
2025-11-02 22:28:38,366 INFO: Epoch 17/50
2025-11-02 22:30:27,283 INFO: Saved loss plot to checkpoints/loss.png
2025-11-02 22:30:27,284 INFO: Epoch 17 Train Loss: 0.0712 Val Loss: 0.4627
2025-11-02 22:30:27,284 INFO: Epoch 18/50
2025-11-02 22:32:16,355 INFO: Saved loss plot to checkpoints/loss.png
2025-11-02 22:32:16,355 INFO: Epoch 18 Train Loss: 0.0631 Val Loss: 0.4666
2025-11-02 22:32:16,355 INFO: Epoch 19/50
2025-11-02 22:34:05,552 INFO: Saved loss plot to checkpoints/loss.png
2025-11-02 22:34:05,552 INFO: Epoch 19 Train Loss: 0.0657 Val Loss: 0.4309
2025-11-02 22:34:08,240 INFO: Saved best model to checkpoints/best_clipp_apple.pth
2025-11-02 22:34:08,240 INFO: Epoch 20/50
2025-11-02 22:35:57,864 INFO: Saved loss plot to checkpoints/loss.png
2025-11-02 22:35:57,865 INFO: Epoch 20 Train Loss: 0.0574 Val Loss: 0.4413
2025-11-02 22:35:57,865 INFO: Epoch 21/50
2025-11-02 22:37:46,927 INFO: Saved loss plot to checkpoints/loss.png
2025-11-02 22:37:46,927 INFO: Epoch 21 Train Loss: 0.0557 Val Loss: 0.4430
2025-11-02 22:37:46,927 INFO: Epoch 22/50
2025-11-02 22:39:36,088 INFO: Saved loss plot to checkpoints/loss.png
2025-11-02 22:39:36,088 INFO: Epoch 22 Train Loss: 0.0479 Val Loss: 0.4547
2025-11-02 22:39:36,088 INFO: Epoch 23/50
2025-11-02 22:41:25,647 INFO: Saved loss plot to checkpoints/loss.png
2025-11-02 22:41:25,647 INFO: Epoch 23 Train Loss: 0.0457 Val Loss: 0.4253
2025-11-02 22:41:28,073 INFO: Saved best model to checkpoints/best_clipp_apple.pth
2025-11-02 22:41:28,074 INFO: Epoch 24/50
2025-11-02 22:43:17,594 INFO: Saved loss plot to checkpoints/loss.png
2025-11-02 22:43:17,594 INFO: Epoch 24 Train Loss: 0.0488 Val Loss: 0.4299
2025-11-02 22:43:17,594 INFO: Epoch 25/50
2025-11-02 22:45:07,137 INFO: Saved loss plot to checkpoints/loss.png
2025-11-02 22:45:07,137 INFO: Epoch 25 Train Loss: 0.0409 Val Loss: 0.4660
2025-11-02 22:45:07,138 INFO: Epoch 26/50
2025-11-02 22:46:56,853 INFO: Saved loss plot to checkpoints/loss.png
2025-11-02 22:46:56,853 INFO: Epoch 26 Train Loss: 0.0407 Val Loss: 0.4514
2025-11-02 22:46:56,853 INFO: Epoch 27/50
2025-11-02 22:48:46,414 INFO: Saved loss plot to checkpoints/loss.png
2025-11-02 22:48:46,414 INFO: Epoch 27 Train Loss: 0.0395 Val Loss: 0.4457
2025-11-02 22:48:46,414 INFO: Epoch 28/50
2025-11-02 22:50:36,028 INFO: Saved loss plot to checkpoints/loss.png
2025-11-02 22:50:36,028 INFO: Epoch 28 Train Loss: 0.0357 Val Loss: 0.4544
2025-11-02 22:50:36,028 INFO: Epoch 29/50
2025-11-02 22:52:25,567 INFO: Saved loss plot to checkpoints/loss.png
2025-11-02 22:52:25,567 INFO: Epoch 29 Train Loss: 0.0341 Val Loss: 0.4817
2025-11-02 22:52:25,567 INFO: Epoch 30/50
2025-11-02 22:54:14,685 INFO: Saved loss plot to checkpoints/loss.png
2025-11-02 22:54:14,686 INFO: Epoch 30 Train Loss: 0.0338 Val Loss: 0.4580
2025-11-02 22:54:14,686 INFO: Epoch 31/50
2025-11-02 22:56:04,061 INFO: Saved loss plot to checkpoints/loss.png
2025-11-02 22:56:04,061 INFO: Epoch 31 Train Loss: 0.0301 Val Loss: 0.4769
2025-11-02 22:56:04,061 INFO: Epoch 32/50
2025-11-02 22:57:53,563 INFO: Saved loss plot to checkpoints/loss.png
2025-11-02 22:57:53,563 INFO: Epoch 32 Train Loss: 0.0280 Val Loss: 0.4570
2025-11-02 22:57:53,563 INFO: Epoch 33/50
2025-11-02 22:59:42,776 INFO: Saved loss plot to checkpoints/loss.png
2025-11-02 22:59:42,776 INFO: Epoch 33 Train Loss: 0.0253 Val Loss: 0.4485
2025-11-02 22:59:42,776 INFO: Epoch 34/50
2025-11-02 23:01:32,232 INFO: Saved loss plot to checkpoints/loss.png
2025-11-02 23:01:32,232 INFO: Epoch 34 Train Loss: 0.0265 Val Loss: 0.4392
2025-11-02 23:01:32,232 INFO: Epoch 35/50
2025-11-02 23:03:21,688 INFO: Saved loss plot to checkpoints/loss.png
2025-11-02 23:03:21,688 INFO: Epoch 35 Train Loss: 0.0252 Val Loss: 0.4600
2025-11-02 23:03:21,688 INFO: Epoch 36/50
2025-11-02 23:05:10,950 INFO: Saved loss plot to checkpoints/loss.png
2025-11-02 23:05:10,950 INFO: Epoch 36 Train Loss: 0.0255 Val Loss: 0.4512
2025-11-02 23:05:10,950 INFO: Epoch 37/50
2025-11-02 23:06:59,797 INFO: Saved loss plot to checkpoints/loss.png
2025-11-02 23:06:59,797 INFO: Epoch 37 Train Loss: 0.0244 Val Loss: 0.4365
2025-11-02 23:06:59,797 INFO: Epoch 38/50
2025-11-02 23:08:48,939 INFO: Saved loss plot to checkpoints/loss.png
2025-11-02 23:08:48,939 INFO: Epoch 38 Train Loss: 0.0207 Val Loss: 0.4276
2025-11-02 23:08:48,939 INFO: Epoch 39/50
2025-11-02 23:10:37,846 INFO: Saved loss plot to checkpoints/loss.png
2025-11-02 23:10:37,847 INFO: Epoch 39 Train Loss: 0.0217 Val Loss: 0.4760
2025-11-02 23:10:37,847 INFO: Epoch 40/50
2025-11-02 23:12:26,895 INFO: Saved loss plot to checkpoints/loss.png
2025-11-02 23:12:26,896 INFO: Epoch 40 Train Loss: 0.0222 Val Loss: 0.4622
2025-11-02 23:12:26,896 INFO: Epoch 41/50
2025-11-02 23:14:16,181 INFO: Saved loss plot to checkpoints/loss.png
2025-11-02 23:14:16,182 INFO: Epoch 41 Train Loss: 0.0206 Val Loss: 0.4533
2025-11-02 23:14:16,182 INFO: Epoch 42/50
2025-11-02 23:16:05,782 INFO: Saved loss plot to checkpoints/loss.png
2025-11-02 23:16:05,782 INFO: Epoch 42 Train Loss: 0.0225 Val Loss: 0.4415
2025-11-02 23:16:05,782 INFO: Epoch 43/50
2025-11-02 23:17:54,907 INFO: Saved loss plot to checkpoints/loss.png
2025-11-02 23:17:54,907 INFO: Epoch 43 Train Loss: 0.0192 Val Loss: 0.4351
2025-11-02 23:17:54,907 INFO: Epoch 44/50
2025-11-02 23:19:44,055 INFO: Saved loss plot to checkpoints/loss.png
2025-11-02 23:19:44,055 INFO: Epoch 44 Train Loss: 0.0163 Val Loss: 0.4409
2025-11-02 23:19:44,055 INFO: Epoch 45/50
2025-11-02 23:21:33,207 INFO: Saved loss plot to checkpoints/loss.png
2025-11-02 23:21:33,208 INFO: Epoch 45 Train Loss: 0.0174 Val Loss: 0.4190
2025-11-02 23:21:35,499 INFO: Saved best model to checkpoints/best_clipp_apple.pth
2025-11-02 23:21:35,500 INFO: Epoch 46/50
2025-11-02 23:23:24,880 INFO: Saved loss plot to checkpoints/loss.png
2025-11-02 23:23:24,880 INFO: Epoch 46 Train Loss: 0.0182 Val Loss: 0.4185
2025-11-02 23:23:26,939 INFO: Saved best model to checkpoints/best_clipp_apple.pth
2025-11-02 23:23:26,939 INFO: Epoch 47/50
2025-11-02 23:25:16,300 INFO: Saved loss plot to checkpoints/loss.png
2025-11-02 23:25:16,300 INFO: Epoch 47 Train Loss: 0.0181 Val Loss: 0.4505
2025-11-02 23:25:16,301 INFO: Epoch 48/50
2025-11-02 23:27:05,519 INFO: Saved loss plot to checkpoints/loss.png
2025-11-02 23:27:05,519 INFO: Epoch 48 Train Loss: 0.0158 Val Loss: 0.4657
2025-11-02 23:27:05,519 INFO: Epoch 49/50
2025-11-02 23:28:54,933 INFO: Saved loss plot to checkpoints/loss.png
2025-11-02 23:28:54,933 INFO: Epoch 49 Train Loss: 0.0129 Val Loss: 0.4930
2025-11-02 23:28:54,933 INFO: Epoch 50/50
2025-11-02 23:30:43,988 INFO: Saved loss plot to checkpoints/loss.png
2025-11-02 23:30:43,988 INFO: Epoch 50 Train Loss: 0.0122 Val Loss: 0.4353
2025-11-02 23:30:43,988 INFO: Training finished
