2025-10-15 02:34:23,063 INFO: Logging to checkpoints/train.log
2025-10-15 02:34:23,063 INFO: Epoch 1/10
2025-10-15 02:35:48,523 INFO: Logging to checkpoints/train.log
2025-10-15 02:35:48,523 INFO: Epoch 1/10
2025-10-15 02:37:42,766 INFO: Saved loss plot to checkpoints/loss.png
2025-10-15 02:37:42,766 INFO: Epoch 1 Train Loss: 2.2507 Val Loss: 1.7265
2025-10-15 02:37:46,771 INFO: Saved best model to checkpoints/best_clipp.pth
2025-10-15 02:37:46,771 INFO: Epoch 2/10
2025-10-15 02:39:40,235 INFO: Saved loss plot to checkpoints/loss.png
2025-10-15 02:39:40,235 INFO: Epoch 2 Train Loss: 1.5284 Val Loss: 1.3620
2025-10-15 02:39:45,167 INFO: Saved best model to checkpoints/best_clipp.pth
2025-10-15 02:39:45,168 INFO: Epoch 3/10
2025-10-15 02:40:35,970 INFO: Logging to checkpoints/train.log
2025-10-15 02:40:35,970 INFO: Epoch 1/10
2025-10-15 02:41:38,775 INFO: Saved loss plot to checkpoints/loss.png
2025-10-15 02:41:38,775 INFO: Epoch 3 Train Loss: 1.0681 Val Loss: 1.2220
2025-10-15 02:41:43,799 INFO: Saved best model to checkpoints/best_clipp.pth
2025-10-15 02:41:43,799 INFO: Epoch 4/10
2025-10-15 02:43:37,211 INFO: Saved loss plot to checkpoints/loss.png
2025-10-15 02:43:37,211 INFO: Epoch 4 Train Loss: 0.8052 Val Loss: 1.1583
2025-10-15 02:43:43,134 INFO: Saved best model to checkpoints/best_clipp.pth
2025-10-15 02:43:43,135 INFO: Epoch 5/10
2025-10-15 02:45:36,813 INFO: Saved loss plot to checkpoints/loss.png
2025-10-15 02:45:36,814 INFO: Epoch 5 Train Loss: 0.6183 Val Loss: 1.1165
2025-10-15 02:45:41,367 INFO: Saved best model to checkpoints/best_clipp.pth
2025-10-15 02:45:41,368 INFO: Epoch 6/10
2025-10-15 02:47:34,704 INFO: Saved loss plot to checkpoints/loss.png
2025-10-15 02:47:34,704 INFO: Epoch 6 Train Loss: 0.4847 Val Loss: 0.9758
2025-10-15 02:47:40,324 INFO: Saved best model to checkpoints/best_clipp.pth
2025-10-15 02:47:40,325 INFO: Epoch 7/10
2025-10-15 02:49:33,516 INFO: Saved loss plot to checkpoints/loss.png
2025-10-15 02:49:33,516 INFO: Epoch 7 Train Loss: 0.3800 Val Loss: 0.9855
2025-10-15 02:49:33,516 INFO: Epoch 8/10
2025-10-15 02:51:26,906 INFO: Saved loss plot to checkpoints/loss.png
2025-10-15 02:51:26,906 INFO: Epoch 8 Train Loss: 0.3230 Val Loss: 0.9096
2025-10-15 02:51:32,182 INFO: Saved best model to checkpoints/best_clipp.pth
2025-10-15 02:51:32,182 INFO: Epoch 9/10
2025-10-15 02:53:25,900 INFO: Saved loss plot to checkpoints/loss.png
2025-10-15 02:53:25,901 INFO: Epoch 9 Train Loss: 0.2518 Val Loss: 0.8373
2025-10-15 02:53:31,392 INFO: Saved best model to checkpoints/best_clipp.pth
2025-10-15 02:53:31,392 INFO: Epoch 10/10
2025-10-15 02:55:24,984 INFO: Saved loss plot to checkpoints/loss.png
2025-10-15 02:55:24,984 INFO: Epoch 10 Train Loss: 0.2166 Val Loss: 0.8745
2025-10-15 02:55:24,984 INFO: Training finished
