2025-11-08 16:39:18,855 INFO: Logging to checkpoints_blip/train.log
2025-11-08 16:39:18,855 INFO: ===== Epoch 1/50 =====
2025-11-08 16:51:04,805 INFO: Saved loss plot to checkpoints_blip/loss.png
2025-11-08 16:51:04,805 INFO: Epoch 1: train_loss=1.4655, val_loss=1.0706
2025-11-08 16:51:12,069 INFO: Saved new best checkpoint to checkpoints_blip/best_blip.pth
2025-11-08 16:51:12,069 INFO: ===== Epoch 2/50 =====
2025-11-08 17:02:58,079 INFO: Saved loss plot to checkpoints_blip/loss.png
2025-11-08 17:02:58,079 INFO: Epoch 2: train_loss=0.6797, val_loss=0.6631
2025-11-08 17:03:08,201 INFO: Saved new best checkpoint to checkpoints_blip/best_blip.pth
2025-11-08 17:03:08,201 INFO: ===== Epoch 3/50 =====
2025-11-08 17:14:52,810 INFO: Saved loss plot to checkpoints_blip/loss.png
2025-11-08 17:14:52,810 INFO: Epoch 3: train_loss=0.4555, val_loss=0.5778
2025-11-08 17:15:03,926 INFO: Saved new best checkpoint to checkpoints_blip/best_blip.pth
2025-11-08 17:15:03,926 INFO: ===== Epoch 4/50 =====
2025-11-08 17:26:48,232 INFO: Saved loss plot to checkpoints_blip/loss.png
2025-11-08 17:26:48,232 INFO: Epoch 4: train_loss=0.3428, val_loss=0.4657
2025-11-08 17:26:58,272 INFO: Saved new best checkpoint to checkpoints_blip/best_blip.pth
2025-11-08 17:26:58,273 INFO: ===== Epoch 5/50 =====
2025-11-08 17:38:41,121 INFO: Saved loss plot to checkpoints_blip/loss.png
2025-11-08 17:38:41,121 INFO: Epoch 5: train_loss=0.2522, val_loss=0.5452
2025-11-08 17:38:41,121 INFO: ===== Epoch 6/50 =====
2025-11-08 17:50:25,128 INFO: Saved loss plot to checkpoints_blip/loss.png
2025-11-08 17:50:25,128 INFO: Epoch 6: train_loss=0.2095, val_loss=0.4601
2025-11-08 17:50:34,743 INFO: Saved new best checkpoint to checkpoints_blip/best_blip.pth
2025-11-08 17:50:34,744 INFO: ===== Epoch 7/50 =====
2025-11-08 18:02:18,113 INFO: Saved loss plot to checkpoints_blip/loss.png
2025-11-08 18:02:18,113 INFO: Epoch 7: train_loss=0.1633, val_loss=0.5103
2025-11-08 18:02:18,113 INFO: ===== Epoch 8/50 =====
2025-11-08 18:14:01,526 INFO: Saved loss plot to checkpoints_blip/loss.png
2025-11-08 18:14:01,526 INFO: Epoch 8: train_loss=0.1432, val_loss=0.4344
2025-11-08 18:14:11,642 INFO: Saved new best checkpoint to checkpoints_blip/best_blip.pth
2025-11-08 18:14:11,642 INFO: ===== Epoch 9/50 =====
2025-11-08 18:25:54,974 INFO: Saved loss plot to checkpoints_blip/loss.png
2025-11-08 18:25:54,975 INFO: Epoch 9: train_loss=0.1186, val_loss=0.4509
2025-11-08 18:25:54,975 INFO: ===== Epoch 10/50 =====
2025-11-08 18:37:38,656 INFO: Saved loss plot to checkpoints_blip/loss.png
2025-11-08 18:37:38,657 INFO: Epoch 10: train_loss=0.1059, val_loss=0.4394
2025-11-08 18:37:38,657 INFO: ===== Epoch 11/50 =====
2025-11-08 18:49:22,623 INFO: Saved loss plot to checkpoints_blip/loss.png
2025-11-08 18:49:22,623 INFO: Epoch 11: train_loss=0.0941, val_loss=0.3883
2025-11-08 18:49:32,132 INFO: Saved new best checkpoint to checkpoints_blip/best_blip.pth
2025-11-08 18:49:32,133 INFO: ===== Epoch 12/50 =====
2025-11-08 19:01:15,988 INFO: Saved loss plot to checkpoints_blip/loss.png
2025-11-08 19:01:15,988 INFO: Epoch 12: train_loss=0.0774, val_loss=0.4130
2025-11-08 19:01:15,988 INFO: ===== Epoch 13/50 =====
2025-11-08 19:12:59,839 INFO: Saved loss plot to checkpoints_blip/loss.png
2025-11-08 19:12:59,839 INFO: Epoch 13: train_loss=0.0707, val_loss=0.4133
2025-11-08 19:12:59,839 INFO: ===== Epoch 14/50 =====
2025-11-08 19:24:43,487 INFO: Saved loss plot to checkpoints_blip/loss.png
2025-11-08 19:24:43,487 INFO: Epoch 14: train_loss=0.0635, val_loss=0.4172
2025-11-08 19:24:43,487 INFO: ===== Epoch 15/50 =====
2025-11-08 19:36:27,438 INFO: Saved loss plot to checkpoints_blip/loss.png
2025-11-08 19:36:27,439 INFO: Epoch 15: train_loss=0.0617, val_loss=0.3949
2025-11-08 19:36:27,439 INFO: ===== Epoch 16/50 =====
2025-11-08 19:48:12,012 INFO: Saved loss plot to checkpoints_blip/loss.png
2025-11-08 19:48:12,013 INFO: Epoch 16: train_loss=0.0510, val_loss=0.4028
2025-11-08 19:48:12,013 INFO: ===== Epoch 17/50 =====
2025-11-08 19:59:57,440 INFO: Saved loss plot to checkpoints_blip/loss.png
2025-11-08 19:59:57,441 INFO: Epoch 17: train_loss=0.0535, val_loss=0.4600
2025-11-08 19:59:57,441 INFO: ===== Epoch 18/50 =====
2025-11-08 20:11:43,080 INFO: Saved loss plot to checkpoints_blip/loss.png
2025-11-08 20:11:43,080 INFO: Epoch 18: train_loss=0.0505, val_loss=0.4114
2025-11-08 20:11:43,080 INFO: ===== Epoch 19/50 =====
2025-11-08 20:23:29,149 INFO: Saved loss plot to checkpoints_blip/loss.png
2025-11-08 20:23:29,149 INFO: Epoch 19: train_loss=0.0418, val_loss=0.4369
2025-11-08 20:23:29,149 INFO: ===== Epoch 20/50 =====
2025-11-08 20:35:14,894 INFO: Saved loss plot to checkpoints_blip/loss.png
2025-11-08 20:35:14,894 INFO: Epoch 20: train_loss=0.0444, val_loss=0.4382
2025-11-08 20:35:14,894 INFO: ===== Epoch 21/50 =====
2025-11-08 20:47:01,217 INFO: Saved loss plot to checkpoints_blip/loss.png
2025-11-08 20:47:01,217 INFO: Epoch 21: train_loss=0.0375, val_loss=0.3864
2025-11-08 20:47:12,413 INFO: Saved new best checkpoint to checkpoints_blip/best_blip.pth
2025-11-08 20:47:12,413 INFO: ===== Epoch 22/50 =====
2025-11-08 20:58:58,063 INFO: Saved loss plot to checkpoints_blip/loss.png
2025-11-08 20:58:58,063 INFO: Epoch 22: train_loss=0.0384, val_loss=0.4195
2025-11-08 20:58:58,063 INFO: ===== Epoch 23/50 =====
2025-11-08 21:10:44,165 INFO: Saved loss plot to checkpoints_blip/loss.png
2025-11-08 21:10:44,166 INFO: Epoch 23: train_loss=0.0357, val_loss=0.4056
2025-11-08 21:10:44,166 INFO: ===== Epoch 24/50 =====
2025-11-08 21:22:30,270 INFO: Saved loss plot to checkpoints_blip/loss.png
2025-11-08 21:22:30,270 INFO: Epoch 24: train_loss=0.0308, val_loss=0.4267
2025-11-08 21:22:30,270 INFO: ===== Epoch 25/50 =====
2025-11-08 21:34:16,049 INFO: Saved loss plot to checkpoints_blip/loss.png
2025-11-08 21:34:16,049 INFO: Epoch 25: train_loss=0.0340, val_loss=0.4335
2025-11-08 21:34:16,049 INFO: ===== Epoch 26/50 =====
2025-11-08 21:46:01,055 INFO: Saved loss plot to checkpoints_blip/loss.png
2025-11-08 21:46:01,055 INFO: Epoch 26: train_loss=0.0276, val_loss=0.3863
2025-11-08 21:46:11,447 INFO: Saved new best checkpoint to checkpoints_blip/best_blip.pth
2025-11-08 21:46:11,448 INFO: ===== Epoch 27/50 =====
2025-11-08 21:57:55,420 INFO: Saved loss plot to checkpoints_blip/loss.png
2025-11-08 21:57:55,420 INFO: Epoch 27: train_loss=0.0287, val_loss=0.3822
2025-11-08 21:58:05,521 INFO: Saved new best checkpoint to checkpoints_blip/best_blip.pth
2025-11-08 21:58:05,522 INFO: ===== Epoch 28/50 =====
2025-11-08 22:09:49,216 INFO: Saved loss plot to checkpoints_blip/loss.png
2025-11-08 22:09:49,216 INFO: Epoch 28: train_loss=0.0312, val_loss=0.4374
2025-11-08 22:09:49,217 INFO: ===== Epoch 29/50 =====
2025-11-08 22:21:33,030 INFO: Saved loss plot to checkpoints_blip/loss.png
2025-11-08 22:21:33,030 INFO: Epoch 29: train_loss=0.0276, val_loss=0.4270
2025-11-08 22:21:33,030 INFO: ===== Epoch 30/50 =====
2025-11-08 22:33:17,569 INFO: Saved loss plot to checkpoints_blip/loss.png
2025-11-08 22:33:17,570 INFO: Epoch 30: train_loss=0.0287, val_loss=0.3919
2025-11-08 22:33:17,570 INFO: ===== Epoch 31/50 =====
2025-11-08 22:45:02,802 INFO: Saved loss plot to checkpoints_blip/loss.png
2025-11-08 22:45:02,802 INFO: Epoch 31: train_loss=0.0238, val_loss=0.4370
2025-11-08 22:45:02,802 INFO: ===== Epoch 32/50 =====
2025-11-08 22:56:48,353 INFO: Saved loss plot to checkpoints_blip/loss.png
2025-11-08 22:56:48,353 INFO: Epoch 32: train_loss=0.0210, val_loss=0.3854
2025-11-08 22:56:48,354 INFO: ===== Epoch 33/50 =====
2025-11-08 23:08:34,021 INFO: Saved loss plot to checkpoints_blip/loss.png
2025-11-08 23:08:34,022 INFO: Epoch 33: train_loss=0.0252, val_loss=0.3763
2025-11-08 23:08:44,580 INFO: Saved new best checkpoint to checkpoints_blip/best_blip.pth
2025-11-08 23:08:44,580 INFO: ===== Epoch 34/50 =====
2025-11-08 23:20:39,008 INFO: Saved loss plot to checkpoints_blip/loss.png
2025-11-08 23:20:39,008 INFO: Epoch 34: train_loss=0.0230, val_loss=0.4276
2025-11-08 23:20:39,008 INFO: ===== Epoch 35/50 =====
2025-11-08 23:32:25,016 INFO: Saved loss plot to checkpoints_blip/loss.png
2025-11-08 23:32:25,017 INFO: Epoch 35: train_loss=0.0215, val_loss=0.4870
2025-11-08 23:32:25,017 INFO: ===== Epoch 36/50 =====
2025-11-08 23:44:44,287 INFO: Saved loss plot to checkpoints_blip/loss.png
2025-11-08 23:44:44,287 INFO: Epoch 36: train_loss=0.0229, val_loss=0.4195
2025-11-08 23:44:44,287 INFO: ===== Epoch 37/50 =====
2025-11-08 23:56:30,364 INFO: Saved loss plot to checkpoints_blip/loss.png
2025-11-08 23:56:30,364 INFO: Epoch 37: train_loss=0.0222, val_loss=0.4304
2025-11-08 23:56:30,365 INFO: ===== Epoch 38/50 =====
2025-11-09 00:08:16,400 INFO: Saved loss plot to checkpoints_blip/loss.png
2025-11-09 00:08:16,401 INFO: Epoch 38: train_loss=0.0245, val_loss=0.4265
2025-11-09 00:08:16,401 INFO: ===== Epoch 39/50 =====
2025-11-09 00:20:02,430 INFO: Saved loss plot to checkpoints_blip/loss.png
2025-11-09 00:20:02,431 INFO: Epoch 39: train_loss=0.0227, val_loss=0.3910
2025-11-09 00:20:02,431 INFO: ===== Epoch 40/50 =====
2025-11-09 00:31:49,011 INFO: Saved loss plot to checkpoints_blip/loss.png
2025-11-09 00:31:49,011 INFO: Epoch 40: train_loss=0.0194, val_loss=0.4486
2025-11-09 00:31:49,011 INFO: ===== Epoch 41/50 =====
2025-11-09 00:44:17,824 INFO: Saved loss plot to checkpoints_blip/loss.png
2025-11-09 00:44:17,824 INFO: Epoch 41: train_loss=0.0229, val_loss=0.4168
2025-11-09 00:44:17,824 INFO: ===== Epoch 42/50 =====
2025-11-09 00:56:04,102 INFO: Saved loss plot to checkpoints_blip/loss.png
2025-11-09 00:56:04,102 INFO: Epoch 42: train_loss=0.0212, val_loss=0.4232
2025-11-09 00:56:04,102 INFO: ===== Epoch 43/50 =====
2025-11-09 01:07:50,415 INFO: Saved loss plot to checkpoints_blip/loss.png
2025-11-09 01:07:50,415 INFO: Epoch 43: train_loss=0.0167, val_loss=0.4231
2025-11-09 01:07:50,415 INFO: ===== Epoch 44/50 =====
2025-11-09 01:19:36,722 INFO: Saved loss plot to checkpoints_blip/loss.png
2025-11-09 01:19:36,722 INFO: Epoch 44: train_loss=0.0198, val_loss=0.4493
2025-11-09 01:19:36,722 INFO: ===== Epoch 45/50 =====
2025-11-09 01:31:22,811 INFO: Saved loss plot to checkpoints_blip/loss.png
2025-11-09 01:31:22,811 INFO: Epoch 45: train_loss=0.0201, val_loss=0.4420
2025-11-09 01:31:22,811 INFO: ===== Epoch 46/50 =====
2025-11-09 01:43:08,555 INFO: Saved loss plot to checkpoints_blip/loss.png
2025-11-09 01:43:08,555 INFO: Epoch 46: train_loss=0.0166, val_loss=0.4323
2025-11-09 01:43:08,555 INFO: ===== Epoch 47/50 =====
2025-11-09 01:54:54,949 INFO: Saved loss plot to checkpoints_blip/loss.png
2025-11-09 01:54:54,949 INFO: Epoch 47: train_loss=0.0161, val_loss=0.4487
2025-11-09 01:54:54,949 INFO: ===== Epoch 48/50 =====
2025-11-09 02:07:26,759 INFO: Saved loss plot to checkpoints_blip/loss.png
2025-11-09 02:07:26,760 INFO: Epoch 48: train_loss=0.0164, val_loss=0.4509
2025-11-09 02:07:26,760 INFO: ===== Epoch 49/50 =====
2025-11-09 02:19:13,027 INFO: Saved loss plot to checkpoints_blip/loss.png
2025-11-09 02:19:13,027 INFO: Epoch 49: train_loss=0.0150, val_loss=0.4747
2025-11-09 02:19:13,027 INFO: ===== Epoch 50/50 =====
2025-11-09 02:30:59,366 INFO: Saved loss plot to checkpoints_blip/loss.png
2025-11-09 02:30:59,366 INFO: Epoch 50: train_loss=0.0168, val_loss=0.4199
2025-11-09 02:30:59,366 INFO: Training finished
